<?xml version="1.0" encoding="UTF-8"?>
<!-- Generated by org.testng.reporters.JUnitReportReporter -->
<testsuite hostname="Phallu-PC" failures="0" tests="1" name="com.maven.Maven_Practice.FirstTest" time="0.021" errors="0" timestamp="10 Jan 2019 20:13:35 GMT" skipped="0">
  <testcase classname="com.maven.Maven_Practice.FirstTest" name="firstmethod" time="0.021"/>
</testsuite> <!-- com.maven.Maven_Practice.FirstTest -->
