<?xml version="1.0" encoding="UTF-8"?>
<!-- Generated by org.testng.reporters.JUnitReportReporter -->
<testsuite skipped="0" hostname="Phallu-PC" name="com.maven.Maven_Practice.FirstTest" tests="1" failures="0" timestamp="28 Jan 2019 23:49:16 GMT" time="0.015" errors="0">
  <testcase name="firstmethod" time="0.015" classname="com.maven.Maven_Practice.FirstTest"/>
</testsuite> <!-- com.maven.Maven_Practice.FirstTest -->
