<?xml version="1.0" encoding="UTF-8"?>
<!-- Generated by org.testng.reporters.JUnitReportReporter -->
<testsuite skipped="0" hostname="Phallu-PC" name="com.maven.Maven_Practice.SecondTest" tests="1" failures="0" timestamp="28 Jan 2019 23:49:16 GMT" time="0.001" errors="0">
  <testcase name="secondmethod" time="0.001" classname="com.maven.Maven_Practice.SecondTest"/>
</testsuite> <!-- com.maven.Maven_Practice.SecondTest -->
